[debug] [2024-09-30T09:12:28.363Z] ----------------------------------------------------------------------
[debug] [2024-09-30T09:12:28.691Z] Command:       C:\Program Files\node.exe C:\Users\Mohitpra\AppData\Roaming\npm\node_modules\firebase-tools\lib\bin\firebase.js deploy
[debug] [2024-09-30T09:12:28.696Z] CLI Version:   13.17.0
[debug] [2024-09-30T09:12:28.698Z] Platform:      win32
[debug] [2024-09-30T09:12:28.698Z] Node Version:  v20.17.0
[debug] [2024-09-30T09:12:28.700Z] Time:          Mon Sep 30 2024 14:42:28 GMT+0530 (India Standard Time)
[debug] [2024-09-30T09:12:28.701Z] ----------------------------------------------------------------------
[debug] 
[debug] [2024-09-30T09:12:28.792Z] >>> [apiv2][query] GET https://firebase-public.firebaseio.com/cli.json [none]
[debug] [2024-09-30T09:12:30.502Z] > command requires scopes: ["email","openid","https://www.googleapis.com/auth/cloudplatformprojects.readonly","https://www.googleapis.com/auth/firebase","https://www.googleapis.com/auth/cloud-platform"]
[debug] [2024-09-30T09:12:30.503Z] > authorizing via signed-in user (mohit.otusone@gmail.com)
[debug] [2024-09-30T09:12:30.505Z] [iam] checking project qbus-640e3 for permissions ["firebase.projects.get","firebasehosting.sites.update"]
[debug] [2024-09-30T09:12:30.508Z] > refreshing access token with scopes: []
[debug] [2024-09-30T09:12:30.511Z] >>> [apiv2][query] POST https://www.googleapis.com/oauth2/v3/token [none]
[debug] [2024-09-30T09:12:30.512Z] >>> [apiv2][body] POST https://www.googleapis.com/oauth2/v3/token [omitted]
[debug] [2024-09-30T09:12:31.961Z] <<< [apiv2][status] GET https://firebase-public.firebaseio.com/cli.json 200
[debug] [2024-09-30T09:12:31.985Z] <<< [apiv2][body] GET https://firebase-public.firebaseio.com/cli.json {"cloudBuildErrorAfter":1594252800000,"cloudBuildWarnAfter":1590019200000,"defaultNode10After":1594252800000,"minVersion":"3.0.5","node8DeploysDisabledAfter":1613390400000,"node8RuntimeDisabledAfter":1615809600000,"node8WarnAfter":1600128000000}
[debug] [2024-09-30T09:12:32.589Z] <<< [apiv2][status] POST https://www.googleapis.com/oauth2/v3/token 200
[debug] [2024-09-30T09:12:32.591Z] <<< [apiv2][body] POST https://www.googleapis.com/oauth2/v3/token [omitted]
[debug] [2024-09-30T09:12:33.280Z] >>> [apiv2][query] POST https://cloudresourcemanager.googleapis.com/v1/projects/qbus-640e3:testIamPermissions [none]
[debug] [2024-09-30T09:12:33.281Z] >>> [apiv2][(partial)header] POST https://cloudresourcemanager.googleapis.com/v1/projects/qbus-640e3:testIamPermissions x-goog-quota-user=projects/qbus-640e3
[debug] [2024-09-30T09:12:33.281Z] >>> [apiv2][body] POST https://cloudresourcemanager.googleapis.com/v1/projects/qbus-640e3:testIamPermissions {"permissions":["firebase.projects.get","firebasehosting.sites.update"]}
[debug] [2024-09-30T09:12:34.907Z] <<< [apiv2][status] POST https://cloudresourcemanager.googleapis.com/v1/projects/qbus-640e3:testIamPermissions 200
[debug] [2024-09-30T09:12:34.907Z] <<< [apiv2][body] POST https://cloudresourcemanager.googleapis.com/v1/projects/qbus-640e3:testIamPermissions {}
[debug] [2024-09-30T09:12:34.907Z] [iam] error while checking permissions, command may fail: FirebaseError: Authorization failed. This account is missing the following required permissions on project qbus-640e3:

  firebase.projects.get
  firebasehosting.sites.update
[debug] [2024-09-30T09:12:34.909Z] >>> [apiv2][query] GET https://firebase.googleapis.com/v1beta1/projects/qbus-640e3 [none]
[debug] [2024-09-30T09:12:35.498Z] <<< [apiv2][status] GET https://firebase.googleapis.com/v1beta1/projects/qbus-640e3 403
[debug] [2024-09-30T09:12:35.498Z] <<< [apiv2][body] GET https://firebase.googleapis.com/v1beta1/projects/qbus-640e3 {"error":{"code":403,"message":"The caller does not have permission","status":"PERMISSION_DENIED"}}
[debug] [2024-09-30T09:12:35.527Z] HTTP Error: 403, The caller does not have permission
[debug] [2024-09-30T09:12:35.787Z] FirebaseError: HTTP Error: 403, The caller does not have permission
    at responseToError (C:\Users\Mohitpra\AppData\Roaming\npm\node_modules\firebase-tools\lib\responseToError.js:49:12)
    at RetryOperation._fn (C:\Users\Mohitpra\AppData\Roaming\npm\node_modules\firebase-tools\lib\apiv2.js:305:77)
    at process.processTicksAndRejections (node:internal/process/task_queues:95:5)
[error] 
[error] Error: Failed to get Firebase project qbus-640e3. Please make sure the project exists and your account has permission to access it.
